<?xml version="1.0" encoding="UTF-8"?>
<!-- Generated by org.testng.reporters.JUnitReportReporter -->
<testsuite hostname="LTIN481370" failures="0" tests="1" name="testCases.T001_homePage" time="47.188" errors="0" timestamp="2025-07-11T13:22:39 IST" skipped="0">
  <testcase classname="testCases.T001_homePage" name="getResult" time="47.188"/>
</testsuite> <!-- testCases.T001_homePage -->
