<?xml version="1.0" encoding="UTF-8"?>
<!-- Generated by org.testng.reporters.JUnitReportReporter -->
<testsuite hostname="LTIN480810" failures="0" tests="1" name="testCases.TC00X_WriteExcelTopCities" time="0.362" errors="0" timestamp="2025-07-11T15:49:14 IST" skipped="0">
  <testcase classname="testCases.TC00X_WriteExcelTopCities" name="writeExcelData" time="0.362"/>
</testsuite> <!-- testCases.TC00X_WriteExcelTopCities -->
