<?xml version="1.0" encoding="UTF-8"?>
<!-- Generated by org.testng.reporters.JUnitReportReporter -->
<testsuite hostname="LTIN480810" failures="0" tests="1" name="testCases.T003_corporateWellness" time="27.735" errors="0" timestamp="2025-07-11T15:49:14 IST" skipped="0">
  <testcase classname="testCases.T003_corporateWellness" name="fillDetails" time="27.735"/>
</testsuite> <!-- testCases.T003_corporateWellness -->
