<?xml version="1.0" encoding="UTF-8"?>
<!-- Generated by org.testng.reporters.JUnitReportReporter -->
<testsuite hostname="LTIN480810" failures="0" tests="1" name="testCases.T001_homePage" time="46.174" errors="0" timestamp="2025-07-11T15:49:14 IST" skipped="0">
  <testcase classname="testCases.T001_homePage" name="getResult" time="46.174"/>
</testsuite> <!-- testCases.T001_homePage -->
